<?xml version="1.0" encoding="UTF-8"?>
<!-- Generated by org.testng.reporters.JUnitReportReporter -->
<testsuite hostname="QT-INBG-LT1838" failures="0" tests="1" name="testNG_Implementation.TestNG_EX1" time="0.007" errors="0" timestamp="2022-07-28T11:06:51 IST" skipped="0">
  <testcase classname="testNG_Implementation.TestNG_EX1" name="show" time="0.007"/>
  <system-out/>
</testsuite> <!-- testNG_Implementation.TestNG_EX1 -->
